{"C:\\Users\\DanielaProgramacion\\MakeItReal\\proyectoIndividual\\assesment-backend\\src\\app.js": {"path":"C:\\Users\\DanielaProgramacion\\MakeItReal\\proyectoIndividual\\assesment-backend\\src\\app.js","statementMap":{"0":{"start":{"line":1,"column":16},"end":{"line":1,"column":34}},"1":{"start":{"line":2,"column":13},"end":{"line":2,"column":28}},"2":{"start":{"line":3,"column":15},"end":{"line":3,"column":32}},"3":{"start":{"line":4,"column":19},"end":{"line":4,"column":43}},"4":{"start":{"line":5,"column":23},"end":{"line":5,"column":51}},"5":{"start":{"line":6,"column":18},"end":{"line":6,"column":41}},"6":{"start":{"line":7,"column":0},"end":{"line":7,"column":27}},"7":{"start":{"line":9,"column":12},"end":{"line":9,"column":21}},"8":{"start":{"line":11,"column":0},"end":{"line":11,"column":24}},"9":{"start":{"line":12,"column":0},"end":{"line":12,"column":16}},"10":{"start":{"line":13,"column":0},"end":{"line":13,"column":23}},"11":{"start":{"line":15,"column":0},"end":{"line":15,"column":30}},"12":{"start":{"line":16,"column":0},"end":{"line":16,"column":38}},"13":{"start":{"line":17,"column":0},"end":{"line":17,"column":28}},"14":{"start":{"line":19,"column":0},"end":{"line":21,"column":3}},"15":{"start":{"line":20,"column":2},"end":{"line":20,"column":47}},"16":{"start":{"line":23,"column":0},"end":{"line":23,"column":21}}},"fnMap":{"0":{"name":"(anonymous_0)","decl":{"start":{"line":19,"column":13},"end":{"line":19,"column":14}},"loc":{"start":{"line":19,"column":27},"end":{"line":21,"column":1}},"line":19}},"branchMap":{},"s":{"0":3,"1":3,"2":3,"3":3,"4":3,"5":3,"6":3,"7":3,"8":3,"9":3,"10":3,"11":3,"12":3,"13":3,"14":3,"15":1,"16":3},"f":{"0":1},"b":{},"_coverageSchema":"1a1c01bbd47fc00a2c39e90264f33305004495a9","hash":"2296f4e2a55dacc6eaf103803124eb66ccb13f8e"}
,"C:\\Users\\DanielaProgramacion\\MakeItReal\\proyectoIndividual\\assesment-backend\\src\\db.js": {"path":"C:\\Users\\DanielaProgramacion\\MakeItReal\\proyectoIndividual\\assesment-backend\\src\\db.js","statementMap":{"0":{"start":{"line":1,"column":17},"end":{"line":1,"column":36}},"1":{"start":{"line":6,"column":2},"end":{"line":6,"column":25}},"2":{"start":{"line":6,"column":18},"end":{"line":6,"column":25}},"3":{"start":{"line":8,"column":14},"end":{"line":8,"column":44}},"4":{"start":{"line":9,"column":15},"end":{"line":12,"column":3}},"5":{"start":{"line":14,"column":2},"end":{"line":14,"column":35}},"6":{"start":{"line":16,"column":2},"end":{"line":18,"column":4}},"7":{"start":{"line":17,"column":4},"end":{"line":17,"column":54}},"8":{"start":{"line":19,"column":2},"end":{"line":19,"column":79}},"9":{"start":{"line":19,"column":38},"end":{"line":19,"column":77}},"10":{"start":{"line":20,"column":2},"end":{"line":20,"column":76}},"11":{"start":{"line":20,"column":34},"end":{"line":20,"column":74}},"12":{"start":{"line":22,"column":2},"end":{"line":22,"column":36}},"13":{"start":{"line":26,"column":2},"end":{"line":26,"column":26}},"14":{"start":{"line":26,"column":19},"end":{"line":26,"column":26}},"15":{"start":{"line":28,"column":2},"end":{"line":28,"column":30}},"16":{"start":{"line":32,"column":2},"end":{"line":34,"column":3}},"17":{"start":{"line":33,"column":4},"end":{"line":33,"column":60}},"18":{"start":{"line":37,"column":0},"end":{"line":37,"column":52}}},"fnMap":{"0":{"name":"connect","decl":{"start":{"line":5,"column":15},"end":{"line":5,"column":22}},"loc":{"start":{"line":5,"column":25},"end":{"line":23,"column":1}},"line":5},"1":{"name":"(anonymous_1)","decl":{"start":{"line":16,"column":26},"end":{"line":16,"column":27}},"loc":{"start":{"line":17,"column":4},"end":{"line":17,"column":54}},"line":17},"2":{"name":"(anonymous_2)","decl":{"start":{"line":19,"column":32},"end":{"line":19,"column":33}},"loc":{"start":{"line":19,"column":38},"end":{"line":19,"column":77}},"line":19},"3":{"name":"(anonymous_3)","decl":{"start":{"line":20,"column":25},"end":{"line":20,"column":26}},"loc":{"start":{"line":20,"column":34},"end":{"line":20,"column":74}},"line":20},"4":{"name":"disconnected","decl":{"start":{"line":25,"column":15},"end":{"line":25,"column":27}},"loc":{"start":{"line":25,"column":30},"end":{"line":29,"column":1}},"line":25},"5":{"name":"cleanup","decl":{"start":{"line":31,"column":15},"end":{"line":31,"column":22}},"loc":{"start":{"line":31,"column":25},"end":{"line":35,"column":1}},"line":31}},"branchMap":{"0":{"loc":{"start":{"line":6,"column":2},"end":{"line":6,"column":25}},"type":"if","locations":[{"start":{"line":6,"column":2},"end":{"line":6,"column":25}},{"start":{},"end":{}}],"line":6},"1":{"loc":{"start":{"line":26,"column":2},"end":{"line":26,"column":26}},"type":"if","locations":[{"start":{"line":26,"column":2},"end":{"line":26,"column":26}},{"start":{},"end":{}}],"line":26}},"s":{"0":3,"1":3,"2":0,"3":3,"4":3,"5":3,"6":3,"7":3,"8":3,"9":3,"10":3,"11":0,"12":3,"13":3,"14":0,"15":3,"16":16,"17":48,"18":3},"f":{"0":3,"1":3,"2":3,"3":0,"4":3,"5":16},"b":{"0":[0,3],"1":[0,3]},"_coverageSchema":"1a1c01bbd47fc00a2c39e90264f33305004495a9","hash":"fedc8b6a71dddb561ce6b86da446862215be41b7"}
,"C:\\Users\\DanielaProgramacion\\MakeItReal\\proyectoIndividual\\assesment-backend\\src\\controllers\\fav.controller.js": {"path":"C:\\Users\\DanielaProgramacion\\MakeItReal\\proyectoIndividual\\assesment-backend\\src\\controllers\\fav.controller.js","statementMap":{"0":{"start":{"line":1,"column":12},"end":{"line":1,"column":42}},"1":{"start":{"line":2,"column":17},"end":{"line":2,"column":52}},"2":{"start":{"line":4,"column":0},"end":{"line":41,"column":2}},"3":{"start":{"line":6,"column":4},"end":{"line":15,"column":5}},"4":{"start":{"line":7,"column":29},"end":{"line":7,"column":39}},"5":{"start":{"line":8,"column":18},"end":{"line":8,"column":73}},"6":{"start":{"line":9,"column":23},"end":{"line":9,"column":58}},"7":{"start":{"line":10,"column":6},"end":{"line":10,"column":30}},"8":{"start":{"line":11,"column":6},"end":{"line":11,"column":51}},"9":{"start":{"line":12,"column":6},"end":{"line":12,"column":66}},"10":{"start":{"line":14,"column":6},"end":{"line":14,"column":79}},"11":{"start":{"line":19,"column":4},"end":{"line":27,"column":5}},"12":{"start":{"line":20,"column":24},"end":{"line":20,"column":34}},"13":{"start":{"line":21,"column":18},"end":{"line":23,"column":34}},"14":{"start":{"line":24,"column":6},"end":{"line":24,"column":64}},"15":{"start":{"line":26,"column":6},"end":{"line":26,"column":57}},"16":{"start":{"line":31,"column":4},"end":{"line":39,"column":5}},"17":{"start":{"line":32,"column":24},"end":{"line":32,"column":34}},"18":{"start":{"line":33,"column":18},"end":{"line":33,"column":52}},"19":{"start":{"line":34,"column":6},"end":{"line":34,"column":68}},"20":{"start":{"line":36,"column":6},"end":{"line":38,"column":68}}},"fnMap":{"0":{"name":"(anonymous_0)","decl":{"start":{"line":5,"column":2},"end":{"line":5,"column":3}},"loc":{"start":{"line":5,"column":25},"end":{"line":16,"column":3}},"line":5},"1":{"name":"(anonymous_1)","decl":{"start":{"line":18,"column":2},"end":{"line":18,"column":3}},"loc":{"start":{"line":18,"column":23},"end":{"line":28,"column":3}},"line":18},"2":{"name":"(anonymous_2)","decl":{"start":{"line":30,"column":2},"end":{"line":30,"column":3}},"loc":{"start":{"line":30,"column":26},"end":{"line":40,"column":3}},"line":30}},"branchMap":{},"s":{"0":3,"1":3,"2":3,"3":0,"4":0,"5":0,"6":0,"7":0,"8":0,"9":0,"10":0,"11":0,"12":0,"13":0,"14":0,"15":0,"16":0,"17":0,"18":0,"19":0,"20":0},"f":{"0":0,"1":0,"2":0},"b":{},"_coverageSchema":"1a1c01bbd47fc00a2c39e90264f33305004495a9","hash":"1b240c5ca483b5e7c41a0b2ccf585f4aea280f76"}
,"C:\\Users\\DanielaProgramacion\\MakeItReal\\proyectoIndividual\\assesment-backend\\src\\controllers\\listFavs.controller.js": {"path":"C:\\Users\\DanielaProgramacion\\MakeItReal\\proyectoIndividual\\assesment-backend\\src\\controllers\\listFavs.controller.js","statementMap":{"0":{"start":{"line":1,"column":17},"end":{"line":1,"column":52}},"1":{"start":{"line":2,"column":13},"end":{"line":2,"column":44}},"2":{"start":{"line":4,"column":0},"end":{"line":55,"column":2}},"3":{"start":{"line":6,"column":4},"end":{"line":14,"column":5}},"4":{"start":{"line":7,"column":21},"end":{"line":7,"column":29}},"5":{"start":{"line":8,"column":23},"end":{"line":10,"column":34}},"6":{"start":{"line":11,"column":6},"end":{"line":11,"column":76}},"7":{"start":{"line":13,"column":6},"end":{"line":13,"column":64}},"8":{"start":{"line":18,"column":4},"end":{"line":26,"column":5}},"9":{"start":{"line":19,"column":29},"end":{"line":19,"column":39}},"10":{"start":{"line":20,"column":23},"end":{"line":22,"column":34}},"11":{"start":{"line":23,"column":6},"end":{"line":23,"column":75}},"12":{"start":{"line":25,"column":6},"end":{"line":25,"column":63}},"13":{"start":{"line":30,"column":4},"end":{"line":41,"column":5}},"14":{"start":{"line":31,"column":21},"end":{"line":31,"column":29}},"15":{"start":{"line":32,"column":23},"end":{"line":32,"column":75}},"16":{"start":{"line":33,"column":19},"end":{"line":33,"column":46}},"17":{"start":{"line":34,"column":6},"end":{"line":34,"column":36}},"18":{"start":{"line":35,"column":6},"end":{"line":35,"column":47}},"19":{"start":{"line":36,"column":6},"end":{"line":36,"column":77}},"20":{"start":{"line":38,"column":6},"end":{"line":40,"column":72}},"21":{"start":{"line":45,"column":4},"end":{"line":53,"column":5}},"22":{"start":{"line":46,"column":29},"end":{"line":46,"column":39}},"23":{"start":{"line":47,"column":23},"end":{"line":47,"column":67}},"24":{"start":{"line":48,"column":6},"end":{"line":48,"column":79}},"25":{"start":{"line":50,"column":6},"end":{"line":52,"column":74}}},"fnMap":{"0":{"name":"(anonymous_0)","decl":{"start":{"line":5,"column":2},"end":{"line":5,"column":3}},"loc":{"start":{"line":5,"column":23},"end":{"line":15,"column":3}},"line":5},"1":{"name":"(anonymous_1)","decl":{"start":{"line":17,"column":2},"end":{"line":17,"column":3}},"loc":{"start":{"line":17,"column":23},"end":{"line":27,"column":3}},"line":17},"2":{"name":"(anonymous_2)","decl":{"start":{"line":29,"column":2},"end":{"line":29,"column":3}},"loc":{"start":{"line":29,"column":25},"end":{"line":42,"column":3}},"line":29},"3":{"name":"(anonymous_3)","decl":{"start":{"line":44,"column":2},"end":{"line":44,"column":3}},"loc":{"start":{"line":44,"column":26},"end":{"line":54,"column":3}},"line":44}},"branchMap":{},"s":{"0":3,"1":3,"2":3,"3":0,"4":0,"5":0,"6":0,"7":0,"8":0,"9":0,"10":0,"11":0,"12":0,"13":1,"14":1,"15":1,"16":1,"17":1,"18":1,"19":1,"20":0,"21":1,"22":1,"23":1,"24":1,"25":0},"f":{"0":0,"1":0,"2":1,"3":1},"b":{},"_coverageSchema":"1a1c01bbd47fc00a2c39e90264f33305004495a9","hash":"d6c655a141c1c2202960bf0fda18e8003089cf8e"}
,"C:\\Users\\DanielaProgramacion\\MakeItReal\\proyectoIndividual\\assesment-backend\\src\\controllers\\user.controller.js": {"path":"C:\\Users\\DanielaProgramacion\\MakeItReal\\proyectoIndividual\\assesment-backend\\src\\controllers\\user.controller.js","statementMap":{"0":{"start":{"line":1,"column":13},"end":{"line":1,"column":44}},"1":{"start":{"line":2,"column":15},"end":{"line":2,"column":34}},"2":{"start":{"line":3,"column":12},"end":{"line":3,"column":35}},"3":{"start":{"line":5,"column":0},"end":{"line":79,"column":2}},"4":{"start":{"line":7,"column":4},"end":{"line":32,"column":5}},"5":{"start":{"line":8,"column":34},"end":{"line":8,"column":42}},"6":{"start":{"line":9,"column":26},"end":{"line":12,"column":7}},"7":{"start":{"line":13,"column":19},"end":{"line":16,"column":8}},"8":{"start":{"line":18,"column":20},"end":{"line":20,"column":8}},"9":{"start":{"line":21,"column":6},"end":{"line":27,"column":9}},"10":{"start":{"line":29,"column":6},"end":{"line":31,"column":69}},"11":{"start":{"line":36,"column":4},"end":{"line":58,"column":5}},"12":{"start":{"line":37,"column":34},"end":{"line":37,"column":42}},"13":{"start":{"line":38,"column":19},"end":{"line":38,"column":48}},"14":{"start":{"line":39,"column":6},"end":{"line":41,"column":7}},"15":{"start":{"line":40,"column":8},"end":{"line":40,"column":54}},"16":{"start":{"line":42,"column":22},"end":{"line":42,"column":67}},"17":{"start":{"line":43,"column":6},"end":{"line":45,"column":7}},"18":{"start":{"line":44,"column":8},"end":{"line":44,"column":54}},"19":{"start":{"line":46,"column":20},"end":{"line":48,"column":8}},"20":{"start":{"line":49,"column":6},"end":{"line":55,"column":9}},"21":{"start":{"line":57,"column":6},"end":{"line":57,"column":79}},"22":{"start":{"line":61,"column":4},"end":{"line":66,"column":5}},"23":{"start":{"line":62,"column":20},"end":{"line":62,"column":67}},"24":{"start":{"line":63,"column":6},"end":{"line":63,"column":68}},"25":{"start":{"line":65,"column":6},"end":{"line":65,"column":59}},"26":{"start":{"line":69,"column":4},"end":{"line":77,"column":5}},"27":{"start":{"line":70,"column":21},"end":{"line":70,"column":29}},"28":{"start":{"line":71,"column":19},"end":{"line":71,"column":55}},"29":{"start":{"line":72,"column":6},"end":{"line":72,"column":70}},"30":{"start":{"line":74,"column":6},"end":{"line":76,"column":69}}},"fnMap":{"0":{"name":"(anonymous_0)","decl":{"start":{"line":6,"column":2},"end":{"line":6,"column":3}},"loc":{"start":{"line":6,"column":27},"end":{"line":33,"column":3}},"line":6},"1":{"name":"(anonymous_1)","decl":{"start":{"line":35,"column":2},"end":{"line":35,"column":3}},"loc":{"start":{"line":35,"column":24},"end":{"line":59,"column":3}},"line":35},"2":{"name":"(anonymous_2)","decl":{"start":{"line":60,"column":2},"end":{"line":60,"column":3}},"loc":{"start":{"line":60,"column":23},"end":{"line":67,"column":3}},"line":60},"3":{"name":"(anonymous_3)","decl":{"start":{"line":68,"column":2},"end":{"line":68,"column":3}},"loc":{"start":{"line":68,"column":26},"end":{"line":78,"column":3}},"line":68}},"branchMap":{"0":{"loc":{"start":{"line":39,"column":6},"end":{"line":41,"column":7}},"type":"if","locations":[{"start":{"line":39,"column":6},"end":{"line":41,"column":7}},{"start":{},"end":{}}],"line":39},"1":{"loc":{"start":{"line":43,"column":6},"end":{"line":45,"column":7}},"type":"if","locations":[{"start":{"line":43,"column":6},"end":{"line":45,"column":7}},{"start":{},"end":{}}],"line":43}},"s":{"0":3,"1":3,"2":3,"3":3,"4":8,"5":8,"6":8,"7":8,"8":5,"9":5,"10":3,"11":5,"12":5,"13":5,"14":5,"15":1,"16":4,"17":4,"18":1,"19":3,"20":3,"21":2,"22":1,"23":1,"24":1,"25":0,"26":0,"27":0,"28":0,"29":0,"30":0},"f":{"0":8,"1":5,"2":1,"3":0},"b":{"0":[1,4],"1":[1,3]},"_coverageSchema":"1a1c01bbd47fc00a2c39e90264f33305004495a9","hash":"1f8c9fded7b1fc4039d54fed13fb816dbf4e486a"}
,"C:\\Users\\DanielaProgramacion\\MakeItReal\\proyectoIndividual\\assesment-backend\\src\\models\\fav.model.js": {"path":"C:\\Users\\DanielaProgramacion\\MakeItReal\\proyectoIndividual\\assesment-backend\\src\\models\\fav.model.js","statementMap":{"0":{"start":{"line":1,"column":26},"end":{"line":1,"column":45}},"1":{"start":{"line":3,"column":18},"end":{"line":26,"column":1}},"2":{"start":{"line":27,"column":12},"end":{"line":27,"column":35}},"3":{"start":{"line":28,"column":0},"end":{"line":28,"column":21}}},"fnMap":{},"branchMap":{},"s":{"0":3,"1":3,"2":3,"3":3},"f":{},"b":{},"_coverageSchema":"1a1c01bbd47fc00a2c39e90264f33305004495a9","hash":"c28b77b59c56dd42e4a498eb526df4e03d1b196c"}
,"C:\\Users\\DanielaProgramacion\\MakeItReal\\proyectoIndividual\\assesment-backend\\src\\models\\listFavs.model.js": {"path":"C:\\Users\\DanielaProgramacion\\MakeItReal\\proyectoIndividual\\assesment-backend\\src\\models\\listFavs.model.js","statementMap":{"0":{"start":{"line":1,"column":26},"end":{"line":1,"column":45}},"1":{"start":{"line":3,"column":23},"end":{"line":30,"column":1}},"2":{"start":{"line":31,"column":17},"end":{"line":31,"column":50}},"3":{"start":{"line":32,"column":0},"end":{"line":32,"column":26}}},"fnMap":{},"branchMap":{},"s":{"0":3,"1":3,"2":3,"3":3},"f":{},"b":{},"_coverageSchema":"1a1c01bbd47fc00a2c39e90264f33305004495a9","hash":"30a59ef9389deb5c68ff977dee294ec88a2bd950"}
,"C:\\Users\\DanielaProgramacion\\MakeItReal\\proyectoIndividual\\assesment-backend\\src\\models\\user.model.js": {"path":"C:\\Users\\DanielaProgramacion\\MakeItReal\\proyectoIndividual\\assesment-backend\\src\\models\\user.model.js","statementMap":{"0":{"start":{"line":1,"column":34},"end":{"line":1,"column":53}},"1":{"start":{"line":2,"column":19},"end":{"line":2,"column":53}},"2":{"start":{"line":3,"column":22},"end":{"line":3,"column":74}},"3":{"start":{"line":5,"column":19},"end":{"line":31,"column":1}},"4":{"start":{"line":13,"column":23},"end":{"line":13,"column":59}},"5":{"start":{"line":14,"column":10},"end":{"line":14,"column":23}},"6":{"start":{"line":33,"column":13},"end":{"line":33,"column":38}},"7":{"start":{"line":35,"column":0},"end":{"line":35,"column":22}}},"fnMap":{"0":{"name":"(anonymous_0)","decl":{"start":{"line":12,"column":8},"end":{"line":12,"column":9}},"loc":{"start":{"line":12,"column":31},"end":{"line":15,"column":9}},"line":12}},"branchMap":{},"s":{"0":3,"1":3,"2":3,"3":3,"4":12,"5":12,"6":3,"7":3},"f":{"0":12},"b":{},"_coverageSchema":"1a1c01bbd47fc00a2c39e90264f33305004495a9","hash":"ec751398f823a0470f2a4cdb4548b75914475183"}
,"C:\\Users\\DanielaProgramacion\\MakeItReal\\proyectoIndividual\\assesment-backend\\src\\routes\\fav.js": {"path":"C:\\Users\\DanielaProgramacion\\MakeItReal\\proyectoIndividual\\assesment-backend\\src\\routes\\fav.js","statementMap":{"0":{"start":{"line":1,"column":15},"end":{"line":1,"column":42}},"1":{"start":{"line":2,"column":22},"end":{"line":2,"column":62}},"2":{"start":{"line":3,"column":17},"end":{"line":3,"column":41}},"3":{"start":{"line":5,"column":0},"end":{"line":5,"column":62}},"4":{"start":{"line":6,"column":0},"end":{"line":6,"column":54}},"5":{"start":{"line":7,"column":0},"end":{"line":7,"column":60}},"6":{"start":{"line":9,"column":0},"end":{"line":9,"column":24}}},"fnMap":{},"branchMap":{},"s":{"0":3,"1":3,"2":3,"3":3,"4":3,"5":3,"6":3},"f":{},"b":{},"_coverageSchema":"1a1c01bbd47fc00a2c39e90264f33305004495a9","hash":"08bf9ce9c0510a18776f89a008ba2c122d83cadd"}
,"C:\\Users\\DanielaProgramacion\\MakeItReal\\proyectoIndividual\\assesment-backend\\src\\routes\\listFavs.js": {"path":"C:\\Users\\DanielaProgramacion\\MakeItReal\\proyectoIndividual\\assesment-backend\\src\\routes\\listFavs.js","statementMap":{"0":{"start":{"line":1,"column":15},"end":{"line":1,"column":42}},"1":{"start":{"line":2,"column":27},"end":{"line":2,"column":72}},"2":{"start":{"line":3,"column":17},"end":{"line":3,"column":41}},"3":{"start":{"line":5,"column":0},"end":{"line":5,"column":53}},"4":{"start":{"line":6,"column":0},"end":{"line":6,"column":64}},"5":{"start":{"line":7,"column":0},"end":{"line":7,"column":56}},"6":{"start":{"line":8,"column":0},"end":{"line":8,"column":70}},"7":{"start":{"line":10,"column":0},"end":{"line":10,"column":24}}},"fnMap":{},"branchMap":{},"s":{"0":3,"1":3,"2":3,"3":3,"4":3,"5":3,"6":3,"7":3},"f":{},"b":{},"_coverageSchema":"1a1c01bbd47fc00a2c39e90264f33305004495a9","hash":"42c8dc2689b5b4cba3353ed6e27001bb5a860d8e"}
,"C:\\Users\\DanielaProgramacion\\MakeItReal\\proyectoIndividual\\assesment-backend\\src\\routes\\user.js": {"path":"C:\\Users\\DanielaProgramacion\\MakeItReal\\proyectoIndividual\\assesment-backend\\src\\routes\\user.js","statementMap":{"0":{"start":{"line":1,"column":15},"end":{"line":1,"column":42}},"1":{"start":{"line":2,"column":23},"end":{"line":2,"column":64}},"2":{"start":{"line":3,"column":17},"end":{"line":3,"column":41}},"3":{"start":{"line":5,"column":0},"end":{"line":5,"column":56}},"4":{"start":{"line":6,"column":0},"end":{"line":6,"column":50}},"5":{"start":{"line":7,"column":0},"end":{"line":7,"column":43}},"6":{"start":{"line":8,"column":0},"end":{"line":8,"column":55}},"7":{"start":{"line":10,"column":0},"end":{"line":10,"column":24}}},"fnMap":{},"branchMap":{},"s":{"0":3,"1":3,"2":3,"3":3,"4":3,"5":3,"6":3,"7":3},"f":{},"b":{},"_coverageSchema":"1a1c01bbd47fc00a2c39e90264f33305004495a9","hash":"7004c09ec3fcfb23b80f927711bb9e3d833cf530"}
,"C:\\Users\\DanielaProgramacion\\MakeItReal\\proyectoIndividual\\assesment-backend\\src\\utils\\auth.js": {"path":"C:\\Users\\DanielaProgramacion\\MakeItReal\\proyectoIndividual\\assesment-backend\\src\\utils\\auth.js","statementMap":{"0":{"start":{"line":1,"column":12},"end":{"line":1,"column":35}},"1":{"start":{"line":3,"column":0},"end":{"line":25,"column":2}},"2":{"start":{"line":4,"column":2},"end":{"line":24,"column":3}},"3":{"start":{"line":5,"column":30},"end":{"line":5,"column":41}},"4":{"start":{"line":7,"column":4},"end":{"line":9,"column":5}},"5":{"start":{"line":8,"column":6},"end":{"line":8,"column":41}},"6":{"start":{"line":11,"column":23},"end":{"line":11,"column":47}},"7":{"start":{"line":13,"column":4},"end":{"line":15,"column":5}},"8":{"start":{"line":14,"column":6},"end":{"line":14,"column":41}},"9":{"start":{"line":17,"column":19},"end":{"line":17,"column":56}},"10":{"start":{"line":19,"column":4},"end":{"line":19,"column":18}},"11":{"start":{"line":21,"column":4},"end":{"line":21,"column":11}},"12":{"start":{"line":23,"column":4},"end":{"line":23,"column":51}}},"fnMap":{"0":{"name":"(anonymous_0)","decl":{"start":{"line":3,"column":15},"end":{"line":3,"column":16}},"loc":{"start":{"line":3,"column":35},"end":{"line":25,"column":1}},"line":3}},"branchMap":{"0":{"loc":{"start":{"line":7,"column":4},"end":{"line":9,"column":5}},"type":"if","locations":[{"start":{"line":7,"column":4},"end":{"line":9,"column":5}},{"start":{},"end":{}}],"line":7},"1":{"loc":{"start":{"line":13,"column":4},"end":{"line":15,"column":5}},"type":"if","locations":[{"start":{"line":13,"column":4},"end":{"line":15,"column":5}},{"start":{},"end":{}}],"line":13}},"s":{"0":3,"1":3,"2":5,"3":5,"4":5,"5":1,"6":4,"7":4,"8":1,"9":3,"10":2,"11":2,"12":3},"f":{"0":5},"b":{"0":[1,4],"1":[1,3]},"_coverageSchema":"1a1c01bbd47fc00a2c39e90264f33305004495a9","hash":"b046ffa7febcbece1ba9b3686ed8d2249079dd1f"}
}
