TN:
SF:src\app.js
FN:19,(anonymous_0)
FNF:1
FNH:1
FNDA:1,(anonymous_0)
DA:1,3
DA:2,3
DA:3,3
DA:4,3
DA:5,3
DA:6,3
DA:7,3
DA:9,3
DA:11,3
DA:12,3
DA:13,3
DA:15,3
DA:16,3
DA:17,3
DA:19,3
DA:20,1
DA:23,3
LF:17
LH:17
BRF:0
BRH:0
end_of_record
TN:
SF:src\db.js
FN:5,connect
FN:16,(anonymous_1)
FN:19,(anonymous_2)
FN:20,(anonymous_3)
FN:25,disconnected
FN:31,cleanup
FNF:6
FNH:5
FNDA:3,connect
FNDA:3,(anonymous_1)
FNDA:3,(anonymous_2)
FNDA:0,(anonymous_3)
FNDA:3,disconnected
FNDA:16,cleanup
DA:1,3
DA:6,3
DA:8,3
DA:9,3
DA:14,3
DA:16,3
DA:17,3
DA:19,3
DA:20,3
DA:22,3
DA:26,3
DA:28,3
DA:32,16
DA:33,48
DA:37,3
LF:15
LH:15
BRDA:6,0,0,0
BRDA:6,0,1,3
BRDA:26,1,0,0
BRDA:26,1,1,3
BRF:4
BRH:2
end_of_record
TN:
SF:src\controllers\fav.controller.js
FN:5,(anonymous_0)
FN:18,(anonymous_1)
FN:30,(anonymous_2)
FNF:3
FNH:0
FNDA:0,(anonymous_0)
FNDA:0,(anonymous_1)
FNDA:0,(anonymous_2)
DA:1,3
DA:2,3
DA:4,3
DA:6,0
DA:7,0
DA:8,0
DA:9,0
DA:10,0
DA:11,0
DA:12,0
DA:14,0
DA:19,0
DA:20,0
DA:21,0
DA:24,0
DA:26,0
DA:31,0
DA:32,0
DA:33,0
DA:34,0
DA:36,0
LF:21
LH:3
BRF:0
BRH:0
end_of_record
TN:
SF:src\controllers\listFavs.controller.js
FN:5,(anonymous_0)
FN:17,(anonymous_1)
FN:29,(anonymous_2)
FN:44,(anonymous_3)
FNF:4
FNH:2
FNDA:0,(anonymous_0)
FNDA:0,(anonymous_1)
FNDA:1,(anonymous_2)
FNDA:1,(anonymous_3)
DA:1,3
DA:2,3
DA:4,3
DA:6,0
DA:7,0
DA:8,0
DA:11,0
DA:13,0
DA:18,0
DA:19,0
DA:20,0
DA:23,0
DA:25,0
DA:30,1
DA:31,1
DA:32,1
DA:33,1
DA:34,1
DA:35,1
DA:36,1
DA:38,0
DA:45,1
DA:46,1
DA:47,1
DA:48,1
DA:50,0
LF:26
LH:14
BRF:0
BRH:0
end_of_record
TN:
SF:src\controllers\user.controller.js
FN:6,(anonymous_0)
FN:35,(anonymous_1)
FN:60,(anonymous_2)
FN:68,(anonymous_3)
FNF:4
FNH:3
FNDA:8,(anonymous_0)
FNDA:5,(anonymous_1)
FNDA:1,(anonymous_2)
FNDA:0,(anonymous_3)
DA:1,3
DA:2,3
DA:3,3
DA:5,3
DA:7,8
DA:8,8
DA:9,8
DA:13,8
DA:18,5
DA:21,5
DA:29,3
DA:36,5
DA:37,5
DA:38,5
DA:39,5
DA:40,1
DA:42,4
DA:43,4
DA:44,1
DA:46,3
DA:49,3
DA:57,2
DA:61,1
DA:62,1
DA:63,1
DA:65,0
DA:69,0
DA:70,0
DA:71,0
DA:72,0
DA:74,0
LF:31
LH:25
BRDA:39,0,0,1
BRDA:39,0,1,4
BRDA:43,1,0,1
BRDA:43,1,1,3
BRF:4
BRH:4
end_of_record
TN:
SF:src\models\fav.model.js
FNF:0
FNH:0
DA:1,3
DA:3,3
DA:27,3
DA:28,3
LF:4
LH:4
BRF:0
BRH:0
end_of_record
TN:
SF:src\models\listFavs.model.js
FNF:0
FNH:0
DA:1,3
DA:3,3
DA:31,3
DA:32,3
LF:4
LH:4
BRF:0
BRH:0
end_of_record
TN:
SF:src\models\user.model.js
FN:12,(anonymous_0)
FNF:1
FNH:1
FNDA:12,(anonymous_0)
DA:1,3
DA:2,3
DA:3,3
DA:5,3
DA:13,12
DA:14,12
DA:33,3
DA:35,3
LF:8
LH:8
BRF:0
BRH:0
end_of_record
TN:
SF:src\routes\fav.js
FNF:0
FNH:0
DA:1,3
DA:2,3
DA:3,3
DA:5,3
DA:6,3
DA:7,3
DA:9,3
LF:7
LH:7
BRF:0
BRH:0
end_of_record
TN:
SF:src\routes\listFavs.js
FNF:0
FNH:0
DA:1,3
DA:2,3
DA:3,3
DA:5,3
DA:6,3
DA:7,3
DA:8,3
DA:10,3
LF:8
LH:8
BRF:0
BRH:0
end_of_record
TN:
SF:src\routes\user.js
FNF:0
FNH:0
DA:1,3
DA:2,3
DA:3,3
DA:5,3
DA:6,3
DA:7,3
DA:8,3
DA:10,3
LF:8
LH:8
BRF:0
BRH:0
end_of_record
TN:
SF:src\utils\auth.js
FN:3,(anonymous_0)
FNF:1
FNH:1
FNDA:5,(anonymous_0)
DA:1,3
DA:3,3
DA:4,5
DA:5,5
DA:7,5
DA:8,1
DA:11,4
DA:13,4
DA:14,1
DA:17,3
DA:19,2
DA:21,2
DA:23,3
LF:13
LH:13
BRDA:7,0,0,1
BRDA:7,0,1,4
BRDA:13,1,0,1
BRDA:13,1,1,3
BRF:4
BRH:4
end_of_record
